Sender: LSF System <lsfadmin@polus-c4-ib.bmc.hpc.cs.msu.ru>
Subject: Job 1108497: <#BSUB -n 20;#BSUB -W 00:15;#BSUB -o 3mm.%J.out;#BSUB -e 3mm.%J.err; for n in 1 2 3 4 5 6 7 8 9 10 20 40 60 80 100 120 140 160;do ;    OMP_NUM_THREADS=$n ./3mm;done  > in cluster <MSUCluster> Done

Job <#BSUB -n 20;#BSUB -W 00:15;#BSUB -o 3mm.%J.out;#BSUB -e 3mm.%J.err; for n in 1 2 3 4 5 6 7 8 9 10 20 40 60 80 100 120 140 160;do ;    OMP_NUM_THREADS=$n ./3mm;done  > was submitted from host <polus-ib.bmc.hpc.cs.msu.ru> by user <edu-cmc-skpod23-328-10> in cluster <MSUCluster> at Thu Dec  7 10:47:41 2023
Job was executed on host(s) <20*polus-c4-ib.bmc.hpc.cs.msu.ru>, in queue <short>, as user <edu-cmc-skpod23-328-10> in cluster <MSUCluster> at Thu Dec  7 10:47:42 2023
</home_edu/edu-cmc-skpod23-328/edu-cmc-skpod23-328-10> was used as the home directory.
</home_edu/edu-cmc-skpod23-328/edu-cmc-skpod23-328-10> was used as the working directory.
Started at Thu Dec  7 10:47:42 2023
Terminated at Thu Dec  7 10:47:43 2023
Results reported at Thu Dec  7 10:47:43 2023

Your job looked like:

------------------------------------------------------------
# LSBATCH: User input
#BSUB -n 20
#BSUB -W 00:15
#BSUB -o 3mm.%J.out
#BSUB -e 3mm.%J.err

for n in 1 2 3 4 5 6 7 8 9 10 20 40 60 80 100 120 140 160
do 
    OMP_NUM_THREADS=$n ./3mm
done  

------------------------------------------------------------

Successfully completed.

Resource usage summary:

    CPU time :                                   10.57 sec.
    Max Memory :                                 1 MB
    Average Memory :                             1.00 MB
    Total Requested Memory :                     -
    Delta Memory :                               -
    Max Swap :                                   -
    Max Processes :                              1
    Max Threads :                                1
    Run time :                                   6 sec.
    Turnaround time :                            2 sec.

The output (if any) follows:

0.007455
0.007310
0.007337
0.007482
0.007411
0.007441
0.007460
0.007470
0.007477
0.007580
0.007989
0.008938
0.010117
0.012133
0.032040
0.031998
0.071161
0.041114


PS:

Read file <3mm.1108497.err> for stderr output of this job.

