Sender: LSF System <lsfadmin@polus-c2-ib.bmc.hpc.cs.msu.ru>
Subject: Job 1157461: <#BSUB -n 20;#BSUB -W 00:15;#BSUB -o 3mm.%J.out;#BSUB -e 3mm.%J.err; for n in 1 2 3 4 5 6 7 8 9 10 20 40 60 80 100 120 140 160;do ;    mpirun -oversubscribe -np $n ./3mm;done  > in cluster <MSUCluster> Done

Job <#BSUB -n 20;#BSUB -W 00:15;#BSUB -o 3mm.%J.out;#BSUB -e 3mm.%J.err; for n in 1 2 3 4 5 6 7 8 9 10 20 40 60 80 100 120 140 160;do ;    mpirun -oversubscribe -np $n ./3mm;done  > was submitted from host <polus-ib.bmc.hpc.cs.msu.ru> by user <edu-cmc-skpod23-328-10> in cluster <MSUCluster> at Thu Dec 21 16:24:03 2023
Job was executed on host(s) <18*polus-c2-ib.bmc.hpc.cs.msu.ru>, in queue <short>, as user <edu-cmc-skpod23-328-10> in cluster <MSUCluster> at Thu Dec 21 16:46:41 2023
                            <2*polus-c4-ib.bmc.hpc.cs.msu.ru>
</home_edu/edu-cmc-skpod23-328/edu-cmc-skpod23-328-10> was used as the home directory.
</home_edu/edu-cmc-skpod23-328/edu-cmc-skpod23-328-10/3mm_mpi> was used as the working directory.
Started at Thu Dec 21 16:46:41 2023
Terminated at Thu Dec 21 16:47:18 2023
Results reported at Thu Dec 21 16:47:18 2023

Your job looked like:

------------------------------------------------------------
# LSBATCH: User input
#BSUB -n 20
#BSUB -W 00:15
#BSUB -o 3mm.%J.out
#BSUB -e 3mm.%J.err

for n in 1 2 3 4 5 6 7 8 9 10 20 40 60 80 100 120 140 160
do 
    mpirun -oversubscribe -np $n ./3mm
done  

------------------------------------------------------------

Successfully completed.

Resource usage summary:

    CPU time :                                   488.37 sec.
    Max Memory :                                 3823 MB
    Average Memory :                             910.00 MB
    Total Requested Memory :                     -
    Delta Memory :                               -
    Max Swap :                                   -
    Max Processes :                              72
    Max Threads :                                213
    Run time :                                   44 sec.
    Turnaround time :                            1395 sec.

The output (if any) follows:

0.003893
0.001948
0.001360
0.001391
0.001115
0.002162
0.000980
0.001248
0.001099
0.000981
0.000907
0.000458
0.019451
0.020514
0.017316
0.019780
0.018163
0.019569


PS:

Read file <3mm.1157461.err> for stderr output of this job.

