Sender: LSF System <lsfadmin@polus-c2-ib.bmc.hpc.cs.msu.ru>
Subject: Job 1157434: <#BSUB -n 20;#BSUB -W 00:15;#BSUB -o 3mm.%J.out;#BSUB -e 3mm.%J.err; for n in 1 2 3 4 5 6 7 8 9 10 20 40 60 80 100 120 140 160;do ;    mpirun -oversubscribe -np $n ./3mm;done  > in cluster <MSUCluster> Done

Job <#BSUB -n 20;#BSUB -W 00:15;#BSUB -o 3mm.%J.out;#BSUB -e 3mm.%J.err; for n in 1 2 3 4 5 6 7 8 9 10 20 40 60 80 100 120 140 160;do ;    mpirun -oversubscribe -np $n ./3mm;done  > was submitted from host <polus-ib.bmc.hpc.cs.msu.ru> by user <edu-cmc-skpod23-328-10> in cluster <MSUCluster> at Thu Dec 21 15:12:28 2023
Job was executed on host(s) <10*polus-c2-ib.bmc.hpc.cs.msu.ru>, in queue <short>, as user <edu-cmc-skpod23-328-10> in cluster <MSUCluster> at Thu Dec 21 15:19:46 2023
                            <10*polus-c4-ib.bmc.hpc.cs.msu.ru>
</home_edu/edu-cmc-skpod23-328/edu-cmc-skpod23-328-10> was used as the home directory.
</home_edu/edu-cmc-skpod23-328/edu-cmc-skpod23-328-10/3mm_mpi> was used as the working directory.
Started at Thu Dec 21 15:19:46 2023
Terminated at Thu Dec 21 15:21:40 2023
Results reported at Thu Dec 21 15:21:40 2023

Your job looked like:

------------------------------------------------------------
# LSBATCH: User input
#BSUB -n 20
#BSUB -W 00:15
#BSUB -o 3mm.%J.out
#BSUB -e 3mm.%J.err

for n in 1 2 3 4 5 6 7 8 9 10 20 40 60 80 100 120 140 160
do 
    mpirun -oversubscribe -np $n ./3mm
done  

------------------------------------------------------------

Successfully completed.

Resource usage summary:

    CPU time :                                   2535.28 sec.
    Max Memory :                                 5767 MB
    Average Memory :                             1701.68 MB
    Total Requested Memory :                     -
    Delta Memory :                               -
    Max Swap :                                   -
    Max Processes :                              84
    Max Threads :                                243
    Run time :                                   114 sec.
    Turnaround time :                            552 sec.

The output (if any) follows:

22.870322
11.446641
7.671958
5.725255
4.631325
3.937905
3.348422
2.964863
2.829137
2.414871
1.266424
0.892614
1.412709
0.829346
0.664123
5.558938
6.666437
0.707344


PS:

Read file <3mm.1157434.err> for stderr output of this job.

