Sender: LSF System <lsfadmin@polus-c4-ib.bmc.hpc.cs.msu.ru>
Subject: Job 1157452: <#BSUB -n 20;#BSUB -W 00:15;#BSUB -o 3mm.%J.out;#BSUB -e 3mm.%J.err; for n in 1 2 3 4 5 6 7 8 9 10 20 40 60 80 100 120 140 160;do ;    mpirun -oversubscribe -np $n ./3mm;done  > in cluster <MSUCluster> Done

Job <#BSUB -n 20;#BSUB -W 00:15;#BSUB -o 3mm.%J.out;#BSUB -e 3mm.%J.err; for n in 1 2 3 4 5 6 7 8 9 10 20 40 60 80 100 120 140 160;do ;    mpirun -oversubscribe -np $n ./3mm;done  > was submitted from host <polus-ib.bmc.hpc.cs.msu.ru> by user <edu-cmc-skpod23-328-10> in cluster <MSUCluster> at Thu Dec 21 15:58:03 2023
Job was executed on host(s) <16*polus-c4-ib.bmc.hpc.cs.msu.ru>, in queue <short>, as user <edu-cmc-skpod23-328-10> in cluster <MSUCluster> at Thu Dec 21 16:04:17 2023
                            <4*polus-c2-ib.bmc.hpc.cs.msu.ru>
</home_edu/edu-cmc-skpod23-328/edu-cmc-skpod23-328-10> was used as the home directory.
</home_edu/edu-cmc-skpod23-328/edu-cmc-skpod23-328-10/3mm_mpi> was used as the working directory.
Started at Thu Dec 21 16:04:17 2023
Terminated at Thu Dec 21 16:15:50 2023
Results reported at Thu Dec 21 16:15:50 2023

Your job looked like:

------------------------------------------------------------
# LSBATCH: User input
#BSUB -n 20
#BSUB -W 00:15
#BSUB -o 3mm.%J.out
#BSUB -e 3mm.%J.err

for n in 1 2 3 4 5 6 7 8 9 10 20 40 60 80 100 120 140 160
do 
    mpirun -oversubscribe -np $n ./3mm
done  

------------------------------------------------------------

Successfully completed.

Resource usage summary:

    CPU time :                                   9990.01 sec.
    Max Memory :                                 13686 MB
    Average Memory :                             1751.24 MB
    Total Requested Memory :                     -
    Delta Memory :                               -
    Max Swap :                                   -
    Max Processes :                              90
    Max Threads :                                267
    Run time :                                   696 sec.
    Turnaround time :                            1067 sec.

The output (if any) follows:

196.544321
98.411472
65.711302
49.437663
39.925680
33.465890
29.121299
24.914524
23.255604
20.337755
10.646517
6.836404
10.302154
6.966456
6.270564
11.353954
19.269659
6.624312


PS:

Read file <3mm.1157452.err> for stderr output of this job.

